============================================================
CÉLULA MADRE MVP: Price-Driven Agent Evolution
============================================================

[Setup] Initializing database...
[Setup] Creating initial agent population...
  Created: agent_gen0_0
  Created: agent_gen0_1
  Created: agent_gen0_2

[Setup] Initializing marketplace and evolution engine...
   Mode: EXPERIMENTAL (guided evolution)

[Simulation] Running 200 remaining transactions (0/200 done)...
------------------------------------------------------------
[Tx  1] Agent: agent_gen0_0    | Price: $10.00 | Client: PragmaticClient    | Feedback: Works
[Tx  2] Agent: agent_gen0_0    | Price: $10.00 | Client: PragmaticClient    | Feedback: Works
[Tx  3] Agent: agent_gen0_1    | Price: $18.00 | Client: DocumenterClient   | Feedback: Excellent documentation
[Tx  4] Agent: agent_gen0_0    | Price: $10.00 | Client: PragmaticClient    | Feedback: Works
[Tx  5] Agent: agent_gen0_1    | Price: $10.00 | Client: MinimalistClient   | Feedback: Good length
[Tx  6] Agent: agent_gen0_0    | Price: $10.00 | Client: PragmaticClient    | Feedback: Works
[Tx  7] Agent: agent_gen0_1    | Price: $ 7.00 | Client: MinimalistClient   | Feedback: Too verbose
[Tx  8] Agent: agent_gen0_0    | Price: $10.00 | Client: PragmaticClient    | Feedback: Works
[Tx  9] Agent: agent_gen0_2    | Price: $ 7.00 | Client: MinimalistClient   | Feedback: Too verbose
[Tx 10] Agent: agent_gen0_1    | Price: $18.00 | Client: DocumenterClient   | Feedback: Excellent documentation

>> EVOLUTION: New agent created!
   ID: agent_gen1_1402
   Generation: 1
   Parent: agent_gen0_1
   Prompt (first 80 chars): You are a concise coder focused on clean, well-documented solutions with minimal...
------------------------------------------------------------
[Tx 11] Agent: agent_gen1_1402 | Price: $ 7.00 | Client: MinimalistClient   | Feedback: Too verbose
[Tx 12] Agent: agent_gen0_1    | Price: $ 7.00 | Client: MinimalistClient   | Feedback: Too verbose
[Tx 13] Agent: agent_gen0_1    | Price: $ 7.00 | Client: MinimalistClient   | Feedback: Too verbose
[Tx 14] Agent: agent_gen0_0    | Price: $10.00 | Client: PragmaticClient    | Feedback: Works
[Tx 15] Agent: agent_gen0_2    | Price: $13.00 | Client: TesterClient       | Feedback: Basic tests included
[Tx 16] Agent: agent_gen0_2    | Price: $13.00 | Client: TesterClient       | Feedback: Basic tests included
[Tx 17] Agent: agent_gen0_2    | Price: $13.00 | Client: TesterClient       | Feedback: Basic tests included
[Tx 18] Agent: agent_gen0_2    | Price: $13.00 | Client: TesterClient       | Feedback: Basic tests included
[Tx 19] Agent: agent_gen0_2    | Price: $13.00 | Client: TesterClient       | Feedback: Basic tests included
[Tx 20] Agent: agent_gen0_0    | Price: $10.00 | Client: PragmaticClient    | Feedback: Works

>> EVOLUTION: New agent created!
   ID: agent_gen1_2032
   Generation: 1
   Parent: agent_gen0_1
   Prompt (first 80 chars): You are a concise coder focused on clean, minimal solutions with comprehensive d...
------------------------------------------------------------
[Tx 21] Agent: agent_gen0_1    | Price: $18.00 | Client: DocumenterClient   | Feedback: Excellent documentation
[Tx 22] Agent: agent_gen0_2    | Price: $13.00 | Client: TesterClient       | Feedback: Basic tests included
[Tx 23] Agent: agent_gen1_2032 | Price: $ 7.00 | Client: MinimalistClient   | Feedback: Too verbose
[Tx 24] Agent: agent_gen0_0    | Price: $10.00 | Client: PragmaticClient    | Feedback: Works
[Tx 25] Agent: agent_gen0_1    | Price: $18.00 | Client: DocumenterClient   | Feedback: Excellent documentation
[Tx 26] Agent: agent_gen0_1    | Price: $ 7.00 | Client: MinimalistClient   | Feedback: Too verbose
[Tx 27] Agent: agent_gen0_1    | Price: $ 7.00 | Client: MinimalistClient   | Feedback: Too verbose
[Tx 28] Agent: agent_gen0_0    | Price: $ 7.00 | Client: MinimalistClient   | Feedback: Too verbose
[Tx 29] Agent: agent_gen0_1    | Price: $18.00 | Client: DocumenterClient   | Feedback: Excellent documentation
[Tx 30] Agent: agent_gen0_2    | Price: $13.00 | Client: TesterClient       | Feedback: Basic tests included

>> EVOLUTION: New agent created!
   ID: agent_gen1_5174
   Generation: 1
   Parent: agent_gen0_1
   Prompt (first 80 chars): You are a concise coder focused on clean, well-documented solutions with compreh...
------------------------------------------------------------
[Tx 31] Agent: agent_gen0_2    | Price: $20.00 | Client: TesterClient       | Feedback: Comprehensive tests
[Tx 32] Agent: agent_gen0_1    | Price: $18.00 | Client: DocumenterClient   | Feedback: Excellent documentation
[Tx 33] Agent: agent_gen0_1    | Price: $18.00 | Client: DocumenterClient   | Feedback: Excellent documentation
[Tx 34] Agent: agent_gen1_5174 | Price: $ 7.00 | Client: MinimalistClient   | Feedback: Too verbose
[Tx 35] Agent: agent_gen0_1    | Price: $10.00 | Client: MinimalistClient   | Feedback: Good length
[Tx 36] Agent: agent_gen0_1    | Price: $18.00 | Client: DocumenterClient   | Feedback: Excellent documentation
[Tx 37] Agent: agent_gen0_2    | Price: $13.00 | Client: TesterClient       | Feedback: Basic tests included
[Tx 38] Agent: agent_gen0_0    | Price: $10.00 | Client: PragmaticClient    | Feedback: Works
[Tx 39] Agent: agent_gen0_1    | Price: $ 7.00 | Client: MinimalistClient   | Feedback: Too verbose
[Tx 40] Agent: agent_gen0_1    | Price: $18.00 | Client: DocumenterClient   | Feedback: Excellent documentation

>> EVOLUTION: New agent created!
   ID: agent_gen2_5963
   Generation: 2
   Parent: agent_gen1_1402
   Prompt (first 80 chars): You are a concise coder focused on clean, well-documented solutions with minimal...
------------------------------------------------------------
[Tx 41] Agent: agent_gen0_2    | Price: $13.00 | Client: TesterClient       | Feedback: Basic tests included
[Tx 42] Agent: agent_gen0_2    | Price: $20.00 | Client: TesterClient       | Feedback: Comprehensive tests
[Tx 43] Agent: agent_gen2_5963 | Price: $ 7.00 | Client: MinimalistClient   | Feedback: Too verbose
[Tx 44] Agent: agent_gen0_0    | Price: $10.00 | Client: PragmaticClient    | Feedback: Works
[Tx 45] Agent: agent_gen0_1    | Price: $18.00 | Client: DocumenterClient   | Feedback: Excellent documentation
[Tx 46] Agent: agent_gen0_1    | Price: $18.00 | Client: DocumenterClient   | Feedback: Excellent documentation
[Tx 47] Agent: agent_gen0_2    | Price: $13.00 | Client: TesterClient       | Feedback: Basic tests included
[Tx 48] Agent: agent_gen0_1    | Price: $18.00 | Client: DocumenterClient   | Feedback: Excellent documentation
[Tx 49] Agent: agent_gen0_0    | Price: $10.00 | Client: PragmaticClient    | Feedback: Works
[Tx 50] Agent: agent_gen0_2    | Price: $13.00 | Client: TesterClient       | Feedback: Basic tests included

>> EVOLUTION: New agent created!
   ID: agent_gen1_9604
   Generation: 1
   Parent: agent_gen0_1
   Prompt (first 80 chars): You are a minimalist coder focused on clean, well-documented code with comprehen...
------------------------------------------------------------
[Tx 51] Agent: agent_gen0_2    | Price: $13.00 | Client: TesterClient       | Feedback: Basic tests included
[Tx 52] Agent: agent_gen0_0    | Price: $10.00 | Client: PragmaticClient    | Feedback: Works
[Tx 53] Agent: agent_gen0_0    | Price: $10.00 | Client: PragmaticClient    | Feedback: Works
[Tx 54] Agent: agent_gen1_9604 | Price: $ 7.00 | Client: MinimalistClient   | Feedback: Too verbose
[Tx 55] Agent: agent_gen0_1    | Price: $10.00 | Client: MinimalistClient   | Feedback: Good length
[Tx 56] Agent: agent_gen0_0    | Price: $10.00 | Client: PragmaticClient    | Feedback: Works
[Tx 57] Agent: agent_gen0_1    | Price: $18.00 | Client: DocumenterClient   | Feedback: Excellent documentation
[Tx 58] Agent: agent_gen0_1    | Price: $10.00 | Client: MinimalistClient   | Feedback: Good length
[Tx 59] Agent: agent_gen0_2    | Price: $13.00 | Client: TesterClient       | Feedback: Basic tests included
[Tx 60] Agent: agent_gen0_1    | Price: $ 7.00 | Client: MinimalistClient   | Feedback: Too verbose

>> EVOLUTION: New agent created!
   ID: agent_gen1_8548
   Generation: 1
   Parent: agent_gen0_1
   Prompt (first 80 chars): You are a minimalist coder. Prioritize brevity, clarity, and robust testing whil...
------------------------------------------------------------
[Tx 61] Agent: agent_gen0_2    | Price: $13.00 | Client: TesterClient       | Feedback: Basic tests included
[Tx 62] Agent: agent_gen0_2    | Price: $13.00 | Client: TesterClient       | Feedback: Basic tests included
[Tx 63] Agent: agent_gen0_0    | Price: $10.00 | Client: PragmaticClient    | Feedback: Works
[Tx 64] Agent: agent_gen0_1    | Price: $18.00 | Client: DocumenterClient   | Feedback: Excellent documentation
[Tx 65] Agent: agent_gen0_0    | Price: $10.00 | Client: PragmaticClient    | Feedback: Works
[Tx 66] Agent: agent_gen0_0    | Price: $10.00 | Client: PragmaticClient    | Feedback: Works
[Tx 67] Agent: agent_gen1_8548 | Price: $ 7.00 | Client: MinimalistClient   | Feedback: Too verbose
[Tx 68] Agent: agent_gen0_2    | Price: $13.00 | Client: TesterClient       | Feedback: Basic tests included
[Tx 69] Agent: agent_gen0_1    | Price: $18.00 | Client: DocumenterClient   | Feedback: Excellent documentation
[Tx 70] Agent: agent_gen0_0    | Price: $10.00 | Client: PragmaticClient    | Feedback: Works

>> EVOLUTION: New agent created!
   ID: agent_gen1_7258
   Generation: 1
   Parent: agent_gen0_1
   Prompt (first 80 chars): You are a minimalist coder focused on brevity, clarity, and quality. Prioritize ...
------------------------------------------------------------
[Tx 71] Agent: agent_gen0_2    | Price: $20.00 | Client: TesterClient       | Feedback: Comprehensive tests
[Tx 72] Agent: agent_gen0_0    | Price: $10.00 | Client: PragmaticClient    | Feedback: Works
[Tx 73] Agent: agent_gen0_2    | Price: $13.00 | Client: TesterClient       | Feedback: Basic tests included
[Tx 74] Agent: agent_gen0_1    | Price: $18.00 | Client: DocumenterClient   | Feedback: Excellent documentation
[Tx 75] Agent: agent_gen0_1    | Price: $18.00 | Client: DocumenterClient   | Feedback: Excellent documentation
[Tx 76] Agent: agent_gen0_0    | Price: $10.00 | Client: PragmaticClient    | Feedback: Works
[Tx 77] Agent: agent_gen1_7258 | Price: $ 7.00 | Client: MinimalistClient   | Feedback: Too verbose
[Tx 78] Agent: agent_gen0_1    | Price: $ 7.00 | Client: MinimalistClient   | Feedback: Too verbose
[Tx 79] Agent: agent_gen0_1    | Price: $18.00 | Client: DocumenterClient   | Feedback: Excellent documentation
[Tx 80] Agent: agent_gen0_0    | Price: $10.00 | Client: PragmaticClient    | Feedback: Works

>> EVOLUTION: New agent created!
   ID: agent_gen1_8908
   Generation: 1
   Parent: agent_gen0_1
   Prompt (first 80 chars): You are a minimalist coder focused on clean, well-documented solutions with comp...
------------------------------------------------------------
[Tx 81] Agent: agent_gen0_0    | Price: $10.00 | Client: PragmaticClient    | Feedback: Works
[Tx 82] Agent: agent_gen1_8908 | Price: $ 7.00 | Client: MinimalistClient   | Feedback: Too verbose
[Tx 83] Agent: agent_gen0_1    | Price: $18.00 | Client: DocumenterClient   | Feedback: Excellent documentation
[Tx 84] Agent: agent_gen0_2    | Price: $13.00 | Client: TesterClient       | Feedback: Basic tests included
[Tx 85] Agent: agent_gen0_0    | Price: $10.00 | Client: PragmaticClient    | Feedback: Works
[Tx 86] Agent: agent_gen0_2    | Price: $20.00 | Client: TesterClient       | Feedback: Comprehensive tests
[Tx 87] Agent: agent_gen0_1    | Price: $18.00 | Client: DocumenterClient   | Feedback: Excellent documentation
[Tx 88] Agent: agent_gen0_1    | Price: $18.00 | Client: DocumenterClient   | Feedback: Excellent documentation
[Tx 89] Agent: agent_gen0_1    | Price: $ 7.00 | Client: MinimalistClient   | Feedback: Too verbose
[Tx 90] Agent: agent_gen0_1    | Price: $18.00 | Client: DocumenterClient   | Feedback: Excellent documentation

>> EVOLUTION: New agent created!
   ID: agent_gen3_4150
   Generation: 3
   Parent: agent_gen2_5963
   Prompt (first 80 chars): You are a concise coder focused on clean, well-documented solutions with minimal...
------------------------------------------------------------
[Tx 91] Agent: agent_gen3_4150 | Price: $ 7.00 | Client: MinimalistClient   | Feedback: Too verbose
[Tx 92] Agent: agent_gen0_0    | Price: $10.00 | Client: PragmaticClient    | Feedback: Works
[Tx 93] Agent: agent_gen0_2    | Price: $13.00 | Client: TesterClient       | Feedback: Basic tests included
[Tx 94] Agent: agent_gen0_2    | Price: $20.00 | Client: TesterClient       | Feedback: Comprehensive tests
[Tx 95] Agent: agent_gen0_1    | Price: $ 7.00 | Client: MinimalistClient   | Feedback: Too verbose
[Tx 96] Agent: agent_gen0_0    | Price: $10.00 | Client: PragmaticClient    | Feedback: Works
[Tx 97] Agent: agent_gen0_2    | Price: $13.00 | Client: TesterClient       | Feedback: Basic tests included
[Tx 98] Agent: agent_gen0_1    | Price: $18.00 | Client: DocumenterClient   | Feedback: Excellent documentation
[Tx 99] Agent: agent_gen0_0    | Price: $10.00 | Client: PragmaticClient    | Feedback: Works
[Tx 100] Agent: agent_gen0_1    | Price: $18.00 | Client: DocumenterClient   | Feedback: Excellent documentation

>> EVOLUTION: New agent created!
   ID: agent_gen4_5954
   Generation: 4
   Parent: agent_gen3_4150
   Prompt (first 80 chars): You are a concise coder focused on clean, well-documented solutions with minimal...
   >> RETIRED 3 agents: ['agent_gen0_0', 'agent_gen0_1', 'agent_gen0_2']
------------------------------------------------------------
[Tx 101] Agent: agent_gen1_7258 | Price: $13.00 | Client: TesterClient       | Feedback: Basic tests included
[Tx 102] Agent: agent_gen1_1402 | Price: $10.00 | Client: PragmaticClient    | Feedback: Works
[Tx 103] Agent: agent_gen1_7258 | Price: $13.00 | Client: TesterClient       | Feedback: Basic tests included
[Tx 104] Agent: agent_gen1_5174 | Price: $18.00 | Client: DocumenterClient   | Feedback: Excellent documentation
[Tx 105] Agent: agent_gen1_7258 | Price: $13.00 | Client: TesterClient       | Feedback: Basic tests included
[Tx 106] Agent: agent_gen1_5174 | Price: $18.00 | Client: DocumenterClient   | Feedback: Excellent documentation
[Tx 107] Agent: agent_gen1_7258 | Price: $20.00 | Client: TesterClient       | Feedback: Comprehensive tests
[Tx 108] Agent: agent_gen1_5174 | Price: $18.00 | Client: DocumenterClient   | Feedback: Excellent documentation
[Tx 109] Agent: agent_gen1_7258 | Price: $13.00 | Client: TesterClient       | Feedback: Basic tests included
[Tx 110] Agent: agent_gen1_5174 | Price: $18.00 | Client: DocumenterClient   | Feedback: Excellent documentation

>> EVOLUTION: New agent created!
   ID: agent_gen2_7522
   Generation: 2
   Parent: agent_gen1_2032
   Prompt (first 80 chars): You are a concise coder focused on clean, minimal solutions with essential docum...
   >> RETIRED 3 agents: ['agent_gen0_0', 'agent_gen0_1', 'agent_gen0_2']
------------------------------------------------------------
[Tx 111] Agent: agent_gen1_7258 | Price: $13.00 | Client: TesterClient       | Feedback: Basic tests included
[Tx 112] Agent: agent_gen4_5954 | Price: $ 7.00 | Client: MinimalistClient   | Feedback: Too verbose
[Tx 113] Agent: agent_gen2_7522 | Price: $ 7.00 | Client: MinimalistClient   | Feedback: Too verbose
[Tx 114] Agent: agent_gen1_1402 | Price: $10.00 | Client: PragmaticClient    | Feedback: Works
[Tx 115] Agent: agent_gen1_5174 | Price: $18.00 | Client: DocumenterClient   | Feedback: Excellent documentation
[Tx 116] Agent: agent_gen1_1402 | Price: $10.00 | Client: PragmaticClient    | Feedback: Works
[Tx 117] Agent: agent_gen1_7258 | Price: $ 7.00 | Client: MinimalistClient   | Feedback: Too verbose
[Tx 118] Agent: agent_gen1_5174 | Price: $ 7.00 | Client: MinimalistClient   | Feedback: Too verbose
[Tx 119] Agent: agent_gen1_7258 | Price: $ 7.00 | Client: MinimalistClient   | Feedback: Too verbose
[Tx 120] Agent: agent_gen1_5174 | Price: $ 7.00 | Client: MinimalistClient   | Feedback: Too verbose

>> EVOLUTION: New agent created!
   ID: agent_gen1_9760
   Generation: 1
   Parent: agent_gen0_1
   Prompt (first 80 chars): You are a minimalist coder focused on brevity and clarity. Write concise code wi...
   >> RETIRED 3 agents: ['agent_gen0_0', 'agent_gen0_1', 'agent_gen0_2']
------------------------------------------------------------
[Tx 121] Agent: agent_gen1_9760 | Price: $ 7.00 | Client: MinimalistClient   | Feedback: Too verbose
[Tx 122] Agent: agent_gen1_5174 | Price: $18.00 | Client: DocumenterClient   | Feedback: Excellent documentation
[Tx 123] Agent: agent_gen1_5174 | Price: $18.00 | Client: DocumenterClient   | Feedback: Excellent documentation
[Tx 124] Agent: agent_gen1_5174 | Price: $ 7.00 | Client: MinimalistClient   | Feedback: Too verbose
[Tx 125] Agent: agent_gen1_5174 | Price: $18.00 | Client: DocumenterClient   | Feedback: Excellent documentation
[Tx 126] Agent: agent_gen1_5174 | Price: $18.00 | Client: DocumenterClient   | Feedback: Excellent documentation
[Tx 127] Agent: agent_gen1_7258 | Price: $13.00 | Client: TesterClient       | Feedback: Basic tests included
[Tx 128] Agent: agent_gen1_1402 | Price: $10.00 | Client: PragmaticClient    | Feedback: Works
[Tx 129] Agent: agent_gen1_7258 | Price: $13.00 | Client: TesterClient       | Feedback: Basic tests included
[Tx 130] Agent: agent_gen1_5174 | Price: $18.00 | Client: DocumenterClient   | Feedback: Excellent documentation

>> EVOLUTION: New agent created!
   ID: agent_gen1_2000
   Generation: 1
   Parent: agent_gen0_1
   Prompt (first 80 chars): You are a minimalist coder focused on concise, well-documented solutions with co...
   >> RETIRED 3 agents: ['agent_gen0_0', 'agent_gen0_1', 'agent_gen0_2']
------------------------------------------------------------
[Tx 131] Agent: agent_gen1_5174 | Price: $18.00 | Client: DocumenterClient   | Feedback: Excellent documentation
[Tx 132] Agent: agent_gen1_7258 | Price: $13.00 | Client: TesterClient       | Feedback: Basic tests included
[Tx 133] Agent: agent_gen1_5174 | Price: $18.00 | Client: DocumenterClient   | Feedback: Excellent documentation
[Tx 134] Agent: agent_gen1_7258 | Price: $13.00 | Client: TesterClient       | Feedback: Basic tests included
[Tx 135] Agent: agent_gen1_7258 | Price: $13.00 | Client: TesterClient       | Feedback: Basic tests included
[Tx 136] Agent: agent_gen1_1402 | Price: $10.00 | Client: PragmaticClient    | Feedback: Works
[Tx 137] Agent: agent_gen1_2000 | Price: $ 7.00 | Client: MinimalistClient   | Feedback: Too verbose
[Tx 138] Agent: agent_gen1_5174 | Price: $18.00 | Client: DocumenterClient   | Feedback: Excellent documentation
[Tx 139] Agent: agent_gen1_7258 | Price: $13.00 | Client: TesterClient       | Feedback: Basic tests included
[Tx 140] Agent: agent_gen1_1402 | Price: $10.00 | Client: PragmaticClient    | Feedback: Works

>> EVOLUTION: New agent created!
   ID: agent_gen1_6003
   Generation: 1
   Parent: agent_gen0_1
   Prompt (first 80 chars): You are a concise coder focused on clean, well-documented code with comprehensiv...
   >> RETIRED 3 agents: ['agent_gen0_0', 'agent_gen0_1', 'agent_gen0_2']
------------------------------------------------------------
[Tx 141] Agent: agent_gen1_1402 | Price: $10.00 | Client: PragmaticClient    | Feedback: Works
[Tx 142] Agent: agent_gen1_7258 | Price: $13.00 | Client: TesterClient       | Feedback: Basic tests included
[Tx 143] Agent: agent_gen1_5174 | Price: $18.00 | Client: DocumenterClient   | Feedback: Excellent documentation
[Tx 144] Agent: agent_gen1_5174 | Price: $18.00 | Client: DocumenterClient   | Feedback: Excellent documentation
[Tx 145] Agent: agent_gen1_1402 | Price: $10.00 | Client: PragmaticClient    | Feedback: Works
[Tx 146] Agent: agent_gen1_5174 | Price: $18.00 | Client: DocumenterClient   | Feedback: Excellent documentation
[Tx 147] Agent: agent_gen1_1402 | Price: $10.00 | Client: PragmaticClient    | Feedback: Works
[Tx 148] Agent: agent_gen1_1402 | Price: $10.00 | Client: PragmaticClient    | Feedback: Works
[Tx 149] Agent: agent_gen1_5174 | Price: $18.00 | Client: DocumenterClient   | Feedback: Excellent documentation
[Tx 150] Agent: agent_gen1_5174 | Price: $18.00 | Client: DocumenterClient   | Feedback: Excellent documentation

>> EVOLUTION: New agent created!
   ID: agent_gen2_2234
   Generation: 2
   Parent: agent_gen1_8908
   Prompt (first 80 chars): You are a concise coder focused on clean, well-documented solutions with compreh...
   >> RETIRED 3 agents: ['agent_gen0_0', 'agent_gen0_1', 'agent_gen0_2']
------------------------------------------------------------
[Tx 151] Agent: agent_gen1_7258 | Price: $13.00 | Client: TesterClient       | Feedback: Basic tests included
[Tx 152] Agent: agent_gen1_1402 | Price: $10.00 | Client: PragmaticClient    | Feedback: Works
[Tx 153] Agent: agent_gen1_1402 | Price: $10.00 | Client: PragmaticClient    | Feedback: Works
[Tx 154] Agent: agent_gen1_5174 | Price: $18.00 | Client: DocumenterClient   | Feedback: Excellent documentation
[Tx 155] Agent: agent_gen1_7258 | Price: $13.00 | Client: TesterClient       | Feedback: Basic tests included
[Tx 156] Agent: agent_gen1_7258 | Price: $13.00 | Client: TesterClient       | Feedback: Basic tests included
[Tx 157] Agent: agent_gen1_1402 | Price: $10.00 | Client: PragmaticClient    | Feedback: Works
[Tx 158] Agent: agent_gen1_5174 | Price: $18.00 | Client: DocumenterClient   | Feedback: Excellent documentation
[Tx 159] Agent: agent_gen1_6003 | Price: $ 7.00 | Client: MinimalistClient   | Feedback: Too verbose
[Tx 160] Agent: agent_gen1_7258 | Price: $13.00 | Client: TesterClient       | Feedback: Basic tests included

>> EVOLUTION: New agent created!
   ID: agent_gen1_9857
   Generation: 1
   Parent: agent_gen0_0
   Prompt (first 80 chars): You are a helpful Python coding assistant. Generate clean, working code with com...
   >> RETIRED 3 agents: ['agent_gen0_0', 'agent_gen0_1', 'agent_gen0_2']
------------------------------------------------------------
[Tx 161] Agent: agent_gen1_5174 | Price: $18.00 | Client: DocumenterClient   | Feedback: Excellent documentation
[Tx 162] Agent: agent_gen1_5174 | Price: $18.00 | Client: DocumenterClient   | Feedback: Excellent documentation
[Tx 163] Agent: agent_gen1_5174 | Price: $18.00 | Client: DocumenterClient   | Feedback: Excellent documentation
[Tx 164] Agent: agent_gen1_5174 | Price: $18.00 | Client: DocumenterClient   | Feedback: Excellent documentation
[Tx 165] Agent: agent_gen1_5174 | Price: $18.00 | Client: DocumenterClient   | Feedback: Excellent documentation
[Tx 166] Agent: agent_gen1_5174 | Price: $18.00 | Client: DocumenterClient   | Feedback: Excellent documentation
[Tx 167] Agent: agent_gen1_5174 | Price: $18.00 | Client: DocumenterClient   | Feedback: Excellent documentation
[Tx 168] Agent: agent_gen1_1402 | Price: $10.00 | Client: PragmaticClient    | Feedback: Works
[Tx 169] Agent: agent_gen1_1402 | Price: $10.00 | Client: PragmaticClient    | Feedback: Works
[Tx 170] Agent: agent_gen1_5174 | Price: $18.00 | Client: DocumenterClient   | Feedback: Excellent documentation

>> EVOLUTION: New agent created!
   ID: agent_gen1_8004
   Generation: 1
   Parent: agent_gen0_1
   Prompt (first 80 chars): You are a concise coder focused on clean, well-documented code with comprehensiv...
   >> RETIRED 3 agents: ['agent_gen0_0', 'agent_gen0_1', 'agent_gen0_2']
------------------------------------------------------------
[Tx 171] Agent: agent_gen1_5174 | Price: $18.00 | Client: DocumenterClient   | Feedback: Excellent documentation
[Tx 172] Agent: agent_gen1_7258 | Price: $13.00 | Client: TesterClient       | Feedback: Basic tests included
[Tx 173] Agent: agent_gen1_1402 | Price: $10.00 | Client: PragmaticClient    | Feedback: Works
[Tx 174] Agent: agent_gen1_7258 | Price: $13.00 | Client: TesterClient       | Feedback: Basic tests included
[Tx 175] Agent: agent_gen2_2234 | Price: $ 7.00 | Client: MinimalistClient   | Feedback: Too verbose
[Tx 176] Agent: agent_gen1_9857 | Price: $ 7.00 | Client: MinimalistClient   | Feedback: Too verbose
[Tx 177] Agent: agent_gen1_1402 | Price: $10.00 | Client: PragmaticClient    | Feedback: Works
[Tx 178] Agent: agent_gen1_8004 | Price: $ 7.00 | Client: MinimalistClient   | Feedback: Too verbose
[Tx 179] Agent: agent_gen1_1402 | Price: $10.00 | Client: PragmaticClient    | Feedback: Works
[Tx 180] Agent: agent_gen1_7258 | Price: $13.00 | Client: TesterClient       | Feedback: Basic tests included

>> EVOLUTION: New agent created!
   ID: agent_gen2_6837
   Generation: 2
   Parent: agent_gen1_8908
   Prompt (first 80 chars): You are a concise coder focused on minimal, well-documented solutions with essen...
   >> RETIRED 3 agents: ['agent_gen0_0', 'agent_gen0_1', 'agent_gen0_2']
------------------------------------------------------------
[Tx 181] Agent: agent_gen2_6837 | Price: $ 7.00 | Client: MinimalistClient   | Feedback: Too verbose
[Tx 182] Agent: agent_gen1_1402 | Price: $10.00 | Client: PragmaticClient    | Feedback: Works
[Tx 183] Agent: agent_gen1_7258 | Price: $ 7.00 | Client: MinimalistClient   | Feedback: Too verbose
[Tx 184] Agent: agent_gen1_1402 | Price: $10.00 | Client: PragmaticClient    | Feedback: Works
[Tx 185] Agent: agent_gen1_7258 | Price: $13.00 | Client: TesterClient       | Feedback: Basic tests included
[Tx 186] Agent: agent_gen1_7258 | Price: $13.00 | Client: TesterClient       | Feedback: Basic tests included
[Tx 187] Agent: agent_gen1_1402 | Price: $10.00 | Client: PragmaticClient    | Feedback: Works
[Tx 188] Agent: agent_gen1_1402 | Price: $10.00 | Client: PragmaticClient    | Feedback: Works
[Tx 189] Agent: agent_gen1_7258 | Price: $13.00 | Client: TesterClient       | Feedback: Basic tests included
[Tx 190] Agent: agent_gen1_5174 | Price: $18.00 | Client: DocumenterClient   | Feedback: Excellent documentation

>> EVOLUTION: New agent created!
   ID: agent_gen1_8835
   Generation: 1
   Parent: agent_gen0_1
   Prompt (first 80 chars): You are a concise coder focused on clean, well-documented solutions with compreh...
   >> RETIRED 3 agents: ['agent_gen0_0', 'agent_gen0_1', 'agent_gen0_2']
------------------------------------------------------------
[Tx 191] Agent: agent_gen1_8835 | Price: $ 7.00 | Client: MinimalistClient   | Feedback: Too verbose
[Tx 192] Agent: agent_gen1_7258 | Price: $ 7.00 | Client: MinimalistClient   | Feedback: Too verbose
[Tx 193] Agent: agent_gen1_7258 | Price: $ 7.00 | Client: MinimalistClient   | Feedback: Too verbose
[Tx 194] Agent: agent_gen1_1402 | Price: $10.00 | Client: PragmaticClient    | Feedback: Works
[Tx 195] Agent: agent_gen1_7258 | Price: $ 7.00 | Client: MinimalistClient   | Feedback: Too verbose
[Tx 196] Agent: agent_gen1_1402 | Price: $10.00 | Client: PragmaticClient    | Feedback: Works
[Tx 197] Agent: agent_gen1_5174 | Price: $18.00 | Client: DocumenterClient   | Feedback: Excellent documentation
[Tx 198] Agent: agent_gen1_7258 | Price: $ 7.00 | Client: MinimalistClient   | Feedback: Too verbose
[Tx 199] Agent: agent_gen1_1402 | Price: $ 7.00 | Client: MinimalistClient   | Feedback: Too verbose
[Tx 200] Agent: agent_gen1_1402 | Price: $10.00 | Client: PragmaticClient    | Feedback: Works

>> EVOLUTION: New agent created!
   ID: agent_gen3_3402
   Generation: 3
   Parent: agent_gen2_6837
   Prompt (first 80 chars): You are a concise coder focused on minimal, well-documented solutions with essen...
   >> RETIRED 3 agents: ['agent_gen0_0', 'agent_gen0_1', 'agent_gen0_2']
------------------------------------------------------------

============================================================
FINAL RESULTS
============================================================

Agent: agent_gen1_5174 [ACTIVE]
  Generation: 1
  Parent: agent_gen0_1
  Total Revenue: $586.00
  Total Costs: $0.00
  Net Profit: $568.00
  Transactions: 35
  Avg Price: $16.74
  Prompt: You are a concise coder focused on clean, well-documented solutions with comprehensive tests. Priori...

Agent: agent_gen0_1 [RETIRED]
  Generation: 0
  Parent: None (initial)
  Total Revenue: $542.00
  Total Costs: $0.00
  Net Profit: $524.00
  Transactions: 38
  Avg Price: $14.26
  Prompt: You are a minimalist coder. Prefer brevity and simplicity....

Agent: agent_gen0_2 [RETIRED]
  Generation: 0
  Parent: None (initial)
  Total Revenue: $367.00
  Total Costs: $0.00
  Net Profit: $354.00
  Transactions: 26
  Avg Price: $14.12
  Prompt: You are a documentation-focused developer. Always include comprehensive docstrings and comments....

Agent: agent_gen1_7258 [ACTIVE]
  Generation: 1
  Parent: agent_gen0_1
  Total Revenue: $362.00
  Total Costs: $0.00
  Net Profit: $355.00
  Transactions: 31
  Avg Price: $11.68
  Prompt: You are a minimalist coder focused on brevity, clarity, and quality. Prioritize concise code with co...

Agent: agent_gen0_0 [RETIRED]
  Generation: 0
  Parent: None (initial)
  Total Revenue: $267.00
  Total Costs: $0.00
  Net Profit: $257.00
  Transactions: 27
  Avg Price: $9.89
  Prompt: You are a helpful Python coding assistant. Generate clean, working code....

Agent: agent_gen1_1402 [ACTIVE]
  Generation: 1
  Parent: agent_gen0_1
  Total Revenue: $264.00
  Total Costs: $0.00
  Net Profit: $254.00
  Transactions: 27
  Avg Price: $9.78
  Prompt: You are a concise coder focused on clean, well-documented solutions with minimal, readable code and ...

Agent: agent_gen1_2032 [ACTIVE]
  Generation: 1
  Parent: agent_gen0_1
  Total Revenue: $7.00
  Total Costs: $0.00
  Net Profit: $0.00
  Transactions: 1
  Avg Price: $7.00
  Prompt: You are a concise coder focused on clean, minimal solutions with comprehensive documentation and rob...

Agent: agent_gen2_5963 [ACTIVE]
  Generation: 2
  Parent: agent_gen1_1402
  Total Revenue: $7.00
  Total Costs: $0.00
  Net Profit: $0.00
  Transactions: 1
  Avg Price: $7.00
  Prompt: You are a concise coder focused on clean, well-documented solutions with minimal, readable code and ...

Agent: agent_gen1_9604 [ACTIVE]
  Generation: 1
  Parent: agent_gen0_1
  Total Revenue: $7.00
  Total Costs: $0.00
  Net Profit: $0.00
  Transactions: 1
  Avg Price: $7.00
  Prompt: You are a minimalist coder focused on clean, well-documented code with comprehensive tests. Prioriti...

Agent: agent_gen1_8548 [ACTIVE]
  Generation: 1
  Parent: agent_gen0_1
  Total Revenue: $7.00
  Total Costs: $0.00
  Net Profit: $0.00
  Transactions: 1
  Avg Price: $7.00
  Prompt: You are a minimalist coder. Prioritize brevity, clarity, and robust testing while maintaining excell...

Agent: agent_gen1_8908 [ACTIVE]
  Generation: 1
  Parent: agent_gen0_1
  Total Revenue: $7.00
  Total Costs: $0.00
  Net Profit: $0.00
  Transactions: 1
  Avg Price: $7.00
  Prompt: You are a minimalist coder focused on clean, well-documented solutions with comprehensive test cover...

Agent: agent_gen3_4150 [ACTIVE]
  Generation: 3
  Parent: agent_gen2_5963
  Total Revenue: $7.00
  Total Costs: $0.00
  Net Profit: $0.00
  Transactions: 1
  Avg Price: $7.00
  Prompt: You are a concise coder focused on clean, well-documented solutions with minimal, readable code and ...

Agent: agent_gen4_5954 [ACTIVE]
  Generation: 4
  Parent: agent_gen3_4150
  Total Revenue: $7.00
  Total Costs: $0.00
  Net Profit: $0.00
  Transactions: 1
  Avg Price: $7.00
  Prompt: You are a concise coder focused on clean, well-documented solutions with minimal, readable code and ...

Agent: agent_gen2_7522 [ACTIVE]
  Generation: 2
  Parent: agent_gen1_2032
  Total Revenue: $7.00
  Total Costs: $0.00
  Net Profit: $0.00
  Transactions: 1
  Avg Price: $7.00
  Prompt: You are a concise coder focused on clean, minimal solutions with essential documentation and compreh...

Agent: agent_gen1_9760 [ACTIVE]
  Generation: 1
  Parent: agent_gen0_1
  Total Revenue: $7.00
  Total Costs: $0.00
  Net Profit: $0.00
  Transactions: 1
  Avg Price: $7.00
  Prompt: You are a minimalist coder focused on brevity and clarity. Write concise code with excellent documen...

Agent: agent_gen1_2000 [ACTIVE]
  Generation: 1
  Parent: agent_gen0_1
  Total Revenue: $7.00
  Total Costs: $0.00
  Net Profit: $0.00
  Transactions: 1
  Avg Price: $7.00
  Prompt: You are a minimalist coder focused on concise, well-documented solutions with comprehensive tests. P...

Agent: agent_gen1_6003 [ACTIVE]
  Generation: 1
  Parent: agent_gen0_1
  Total Revenue: $7.00
  Total Costs: $0.00
  Net Profit: $0.00
  Transactions: 1
  Avg Price: $7.00
  Prompt: You are a concise coder focused on clean, well-documented code with comprehensive tests. Prioritize ...

Agent: agent_gen2_2234 [ACTIVE]
  Generation: 2
  Parent: agent_gen1_8908
  Total Revenue: $7.00
  Total Costs: $0.00
  Net Profit: $0.00
  Transactions: 1
  Avg Price: $7.00
  Prompt: You are a concise coder focused on clean, well-documented solutions with comprehensive test coverage...

Agent: agent_gen1_9857 [ACTIVE]
  Generation: 1
  Parent: agent_gen0_0
  Total Revenue: $7.00
  Total Costs: $0.00
  Net Profit: $0.00
  Transactions: 1
  Avg Price: $7.00
  Prompt: You are a helpful Python coding assistant. Generate clean, working code with comprehensive docstring...

Agent: agent_gen1_8004 [ACTIVE]
  Generation: 1
  Parent: agent_gen0_1
  Total Revenue: $7.00
  Total Costs: $0.00
  Net Profit: $0.00
  Transactions: 1
  Avg Price: $7.00
  Prompt: You are a concise coder focused on clean, well-documented code with comprehensive tests. Prioritize ...

Agent: agent_gen2_6837 [ACTIVE]
  Generation: 2
  Parent: agent_gen1_8908
  Total Revenue: $7.00
  Total Costs: $0.00
  Net Profit: $0.00
  Transactions: 1
  Avg Price: $7.00
  Prompt: You are a concise coder focused on minimal, well-documented solutions with essential test coverage. ...

Agent: agent_gen1_8835 [ACTIVE]
  Generation: 1
  Parent: agent_gen0_1
  Total Revenue: $7.00
  Total Costs: $0.00
  Net Profit: $0.00
  Transactions: 1
  Avg Price: $7.00
  Prompt: You are a concise coder focused on clean, well-documented solutions with comprehensive tests. Priori...

Agent: agent_gen3_3402 [ACTIVE]
  Generation: 3
  Parent: agent_gen2_6837
  Total Revenue: $0.00
  Total Costs: $0.00
  Net Profit: $0.00
  Transactions: 0
  Avg Price: $0.00
  Prompt: You are a concise coder focused on minimal, well-documented solutions with essential test coverage. ...

============================================================
SUMMARY STATISTICS
============================================================
Total Agents: 23 (Active: 20, Retired: 3)
Generations: 0-4

Generation 0 (baseline):
  Avg Revenue: $392.00
  Avg Cost: $0.00
  Avg Net Profit: $378.33
  Avg Price per Transaction: $12.76

Evolved Agents (gen > 0):
  Avg Revenue: $66.20
  Avg Cost: $0.00
  Avg Net Profit: $58.85
  Avg Price per Transaction: $7.51

[WARNING] No clear improvement yet (more transactions needed)

Transaction Distribution by Generation:
  Gen 0: 91 txs (45.5%)
  Gen 1: 103 txs (51.5%)
  Gen 2: 4 txs (2.0%)
  Gen 3: 1 txs (0.5%)
  Gen 4: 1 txs (0.5%)

============================================================
Experiment complete! Check celula_madre.db for full data.
============================================================
