[12:28:11] 
============================================================
Generation 0/5
============================================================
[12:31:01]   Agent 0 (gen0): dev=60% val=58% wins=29
[12:34:41]   Agent 1 (gen0): dev=20% val=60% wins=2
[12:37:30]   Agent 2 (gen0): dev=50% val=60% wins=5
[12:40:11]   Agent 3 (gen0): dev=0% val=52% wins=0
[12:40:11]   Gen 0 summary: best_val=60%, frontier=3, time=720.2s
[12:47:38] 
============================================================
Generation 1/5
============================================================
[12:50:22]   Agent 0 (gen0): dev=60% val=58% wins=29
[12:53:08]   Agent 2 (gen0): dev=30% val=64% wins=6
[12:55:50]   Agent 0 (gen0): dev=60% val=56% wins=28
[13:01:11]   Agent 6 (gen0): dev=40% val=58% wins=0
[13:01:11]   Gen 1 summary: best_val=64%, frontier=3, time=813.3s
[13:12:29] 
============================================================
Generation 2/5
============================================================
[13:19:47]   Agent 6 (gen0): dev=40% val=58% wins=0
[13:24:25]   Agent 0 (gen0): dev=50% val=58% wins=29
[13:29:10]   Agent 2 (gen0): dev=10% val=56% wins=4
[13:33:48]   Agent 0 (gen0): dev=40% val=56% wins=28
[13:33:48]   Gen 2 summary: best_val=64%, frontier=3, time=1279.9s
[13:46:08] 
============================================================
Generation 3/5
============================================================
[13:51:15]   Agent 13 (gen2): dev=40% val=56% wins=0
[13:56:50]   Agent 14 (gen2): dev=40% val=54% wins=0
[14:01:18]   Agent 0 (gen0): dev=70% val=56% wins=28
[14:06:31]   Agent 15 (gen2): dev=20% val=58% wins=0
[14:06:31]   Gen 3 summary: best_val=64%, frontier=3, time=1223.2s
[14:21:57] 
============================================================
Generation 4/5
============================================================
[14:26:51]   Agent 0 (gen0): dev=60% val=56% wins=28
[14:31:29]   Agent 0 (gen0): dev=50% val=56% wins=28
[14:36:15]   Agent 0 (gen0): dev=30% val=56% wins=28
[14:40:59]   Agent 0 (gen0): dev=40% val=56% wins=28
[14:40:59]   Gen 4 summary: best_val=64%, frontier=3, time=1141.7s
