[12:58:23] 
============================================================
Generation 0/5
============================================================
[13:02:55]   Agent 0 (gen0): dev=50% val=56% wins=28
[13:09:25]   Agent 1 (gen0): dev=40% val=60% wins=3
[13:14:08]   Agent 2 (gen0): dev=50% val=64% wins=6
[13:18:39]   Agent 3 (gen0): dev=20% val=54% wins=0
[13:18:39]   Gen 0 summary: best_val=64%, frontier=3, time=1216.1s
[13:29:58] 
============================================================
Generation 1/5
============================================================
[13:35:39]   Agent 4 (gen0): dev=30% val=58% wins=0
[13:41:01]   Agent 5 (gen0): dev=60% val=54% wins=0
[13:45:31]   Agent 2 (gen0): dev=20% val=64% wins=6
[13:50:29]   Agent 2 (gen0): dev=50% val=64% wins=6
[13:50:29]   Gen 1 summary: best_val=64%, frontier=3, time=1231.1s
[14:02:50] 
============================================================
Generation 2/5
============================================================
[14:07:16]   Agent 0 (gen0): dev=60% val=56% wins=28
[14:12:22]   Agent 5 (gen0): dev=40% val=54% wins=0
[14:17:11]   Agent 2 (gen0): dev=10% val=62% wins=5
[14:22:34]   Agent 9 (gen1): dev=60% val=56% wins=0
[14:22:34]   Gen 2 summary: best_val=64%, frontier=3, time=1183.6s
[14:35:54] 
============================================================
Generation 3/5
============================================================
[14:40:58]   Agent 2 (gen0): dev=50% val=62% wins=5
[14:45:49]   Agent 0 (gen0): dev=80% val=56% wins=28
[14:50:35]   Agent 13 (gen2): dev=20% val=56% wins=0
[14:54:00]   Agent 14 (gen2): dev=30% val=58% wins=0
[14:54:00]   Gen 3 summary: best_val=64%, frontier=3, time=1086.7s
[15:01:46] 
============================================================
Generation 4/5
============================================================
[15:05:07]   Agent 13 (gen2): dev=60% val=56% wins=0
[15:08:22]   Agent 14 (gen2): dev=40% val=60% wins=0
[15:11:18]   Agent 0 (gen0): dev=30% val=56% wins=28
[15:15:29]   Agent 18 (gen3): dev=50% val=58% wins=0
[15:15:29]   Gen 4 summary: best_val=64%, frontier=3, time=823.3s
