============================================================
Célula Madre V5 — Market-Driven Prompt Evolution
Started: 2026-02-10T06:52:57.322631
Asset: bitcoin | Pop: 6 | Gens: 5 | Dev batch: 20
============================================================

Loading market data...
Data: 335 total → train=134, val=100, test=101

============================================================
Generation 0/5
============================================================
    Agent 0: 5/20 examples (2/5 correct)
    Agent 0: 10/20 examples (2/10 correct)
    Agent 0: 15/20 examples (3/15 correct)
    Agent 0: 20/20 examples (5/20 correct)
    Agent 0: 5/20 examples (3/5 correct)
    Agent 0: 10/20 examples (5/10 correct)
    Agent 0: 15/20 examples (7/15 correct)
    Agent 0: 20/20 examples (8/20 correct)
  Agent 0 (gen0): dev=25% val=40% wins=8
    Agent 1: 5/20 examples (0/5 correct)
    Agent 1: 10/20 examples (3/10 correct)
    Agent 1: 15/20 examples (5/15 correct)
    Agent 1: 20/20 examples (8/20 correct)
    Agent 1: 5/20 examples (3/5 correct)
    Agent 1: 10/20 examples (7/10 correct)
    Agent 1: 15/20 examples (10/15 correct)
    Agent 1: 20/20 examples (13/20 correct)
  Agent 1 (gen0): dev=40% val=65% wins=7
    Agent 2: 5/20 examples (3/5 correct)
    Agent 2: 10/20 examples (6/10 correct)
    Agent 2: 15/20 examples (10/15 correct)
    Agent 2: 20/20 examples (13/20 correct)
    Agent 2: 5/20 examples (2/5 correct)
    Agent 2: 10/20 examples (5/10 correct)
    Agent 2: 15/20 examples (7/15 correct)
    Agent 2: 20/20 examples (10/20 correct)
  Agent 2 (gen0): dev=65% val=50% wins=2
    Agent 3: 5/20 examples (2/5 correct)
    Agent 3: 10/20 examples (6/10 correct)
    Agent 3: 15/20 examples (9/15 correct)
    Agent 3: 20/20 examples (11/20 correct)
    Agent 3: 5/20 examples (5/5 correct)
    Agent 3: 10/20 examples (8/10 correct)
    Agent 3: 15/20 examples (10/15 correct)
    Agent 3: 20/20 examples (13/20 correct)
  Agent 3 (gen0): dev=55% val=65% wins=2
    Agent 4: 5/20 examples (1/5 correct)
    Agent 4: 10/20 examples (2/10 correct)
    Agent 4: 15/20 examples (4/15 correct)
    Agent 4: 20/20 examples (6/20 correct)
    Agent 4: 5/20 examples (3/5 correct)
    Agent 4: 10/20 examples (6/10 correct)
    Agent 4: 15/20 examples (9/15 correct)
    Agent 4: 20/20 examples (11/20 correct)
  Agent 4 (gen0): dev=30% val=55% wins=0
    Agent 5: 5/20 examples (1/5 correct)
    Agent 5: 10/20 examples (4/10 correct)
    Agent 5: 15/20 examples (7/15 correct)
    Agent 5: 20/20 examples (11/20 correct)
    Agent 5: 5/20 examples (2/5 correct)
    Agent 5: 10/20 examples (4/10 correct)
    Agent 5: 15/20 examples (8/15 correct)
    Agent 5: 20/20 examples (11/20 correct)
  Agent 5 (gen0): dev=55% val=55% wins=1
  Gen 0 summary: best_val=65%, frontier=5, time=825.6s
  💾 Checkpoint saved: results/v5_bitcoin_20260210_065257/checkpoint_gen0.json
  👑 Elite preserved: Agent 1 (val=65%)
  👑 Elite preserved: Agent 3 (val=65%)
    Agent 6: 5/20 examples (4/5 correct)
    Agent 6: 10/20 examples (5/10 correct)
    Agent 6: 15/20 examples (8/15 correct)
    Agent 6: 20/20 examples (10/20 correct)
  ✓ Mutation accepted: 0 (25%) → 6 (50%)
    Agent 7: 5/20 examples (2/5 correct)
    Agent 7: 10/20 examples (3/10 correct)
    Agent 7: 15/20 examples (6/15 correct)
    Agent 7: 20/20 examples (10/20 correct)
  ✓ Mutation accepted: 1 (40%) → 7 (50%)
  🌱 Fresh agent injected: Agent 8
  🌱 Fresh agent injected: Agent 9
    Agent 10: 5/100 examples (2/5 correct)
    Agent 10: 10/100 examples (6/10 correct)
    Agent 10: 15/100 examples (7/15 correct)
    Agent 10: 20/100 examples (9/20 correct)
    Agent 10: 25/100 examples (11/25 correct)
    Agent 10: 30/100 examples (13/30 correct)
    Agent 10: 35/100 examples (16/35 correct)
    Agent 10: 40/100 examples (18/40 correct)
    Agent 10: 45/100 examples (22/45 correct)
    Agent 10: 50/100 examples (24/50 correct)
    Agent 10: 55/100 examples (25/55 correct)
    Agent 10: 60/100 examples (27/60 correct)
    Agent 10: 65/100 examples (29/65 correct)
    Agent 10: 70/100 examples (32/70 correct)
    Agent 10: 75/100 examples (36/75 correct)
    Agent 10: 80/100 examples (38/80 correct)
    Agent 10: 85/100 examples (42/85 correct)
    Agent 10: 90/100 examples (44/90 correct)
    Agent 10: 95/100 examples (45/95 correct)
    Agent 10: 100/100 examples (48/100 correct)
  ✗ Merge rejected: 1+2 → 10 (val=48% < 55%)
    Agent 11: 5/100 examples (2/5 correct)
    Agent 11: 10/100 examples (6/10 correct)
    Agent 11: 15/100 examples (8/15 correct)
    Agent 11: 20/100 examples (10/20 correct)
    Agent 11: 25/100 examples (12/25 correct)
    Agent 11: 30/100 examples (13/30 correct)
    Agent 11: 35/100 examples (16/35 correct)
    Agent 11: 40/100 examples (18/40 correct)
    Agent 11: 45/100 examples (21/45 correct)
    Agent 11: 50/100 examples (24/50 correct)
    Agent 11: 55/100 examples (25/55 correct)
    Agent 11: 60/100 examples (27/60 correct)
    Agent 11: 65/100 examples (29/65 correct)
    Agent 11: 70/100 examples (31/70 correct)
    Agent 11: 75/100 examples (35/75 correct)
    Agent 11: 80/100 examples (37/80 correct)
    Agent 11: 85/100 examples (42/85 correct)
