============================================================
Célula Madre V5 — Market-Driven Prompt Evolution
Started: 2026-02-10T09:04:00.511238
Asset: bitcoin | Pop: 4 | Gens: 5 | Dev batch: 20
============================================================

Loading market data...
Data: 335 total → train=134, val=100, test=101

============================================================
Generation 0/5
============================================================
    Agent 0: 5/20 examples (1/5 correct)
    Agent 0: 10/20 examples (2/10 correct)
    Agent 0: 15/20 examples (4/15 correct)
    Agent 0: 20/20 examples (5/20 correct)
    Agent 0: 5/20 examples (3/5 correct)
    Agent 0: 10/20 examples (6/10 correct)
    Agent 0: 15/20 examples (7/15 correct)
    Agent 0: 20/20 examples (9/20 correct)
  Agent 0 (gen0): dev=25% val=45% wins=9
    Agent 1: 5/20 examples (5/5 correct)
    Agent 1: 10/20 examples (7/10 correct)
    Agent 1: 15/20 examples (9/15 correct)
    Agent 1: 20/20 examples (12/20 correct)
    Agent 1: 5/20 examples (2/5 correct)
    Agent 1: 10/20 examples (6/10 correct)
    Agent 1: 15/20 examples (8/15 correct)
    Agent 1: 20/20 examples (10/20 correct)
  Agent 1 (gen0): dev=60% val=50% wins=3
    Agent 2: 5/20 examples (2/5 correct)
    Agent 2: 10/20 examples (4/10 correct)
    Agent 2: 15/20 examples (6/15 correct)
    Agent 2: 20/20 examples (8/20 correct)
    Agent 2: 5/20 examples (3/5 correct)
    Agent 2: 10/20 examples (6/10 correct)
    Agent 2: 15/20 examples (10/15 correct)
    Agent 2: 20/20 examples (13/20 correct)
  Agent 2 (gen0): dev=40% val=65% wins=8
    Agent 3: 5/20 examples (3/5 correct)
    Agent 3: 10/20 examples (4/10 correct)
    Agent 3: 15/20 examples (6/15 correct)
    Agent 3: 20/20 examples (9/20 correct)
    Agent 3: 5/20 examples (1/5 correct)
    Agent 3: 10/20 examples (3/10 correct)
    Agent 3: 15/20 examples (4/15 correct)
    Agent 3: 20/20 examples (6/20 correct)
  Agent 3 (gen0): dev=45% val=30% wins=0
  Gen 0 summary: best_val=65%, frontier=3, time=546.6s
  💾 Checkpoint saved: results/v5_bitcoin_20260210_090400/checkpoint_gen0.json
  👑 Elite preserved: Agent 2 (val=65%)
  👑 Elite preserved: Agent 1 (val=50%)
  🌱 Fresh agent injected: Agent 4
  🌱 Fresh agent injected: Agent 5
    Agent 6: 5/100 examples (2/5 correct)
    Agent 6: 10/100 examples (6/10 correct)
    Agent 6: 15/100 examples (8/15 correct)
    Agent 6: 20/100 examples (10/20 correct)
    Agent 6: 25/100 examples (12/25 correct)
    Agent 6: 30/100 examples (14/30 correct)
    Agent 6: 35/100 examples (17/35 correct)
    Agent 6: 40/100 examples (19/40 correct)
    Agent 6: 45/100 examples (23/45 correct)
    Agent 6: 50/100 examples (26/50 correct)
    Agent 6: 55/100 examples (27/55 correct)
    Agent 6: 60/100 examples (29/60 correct)
    Agent 6: 65/100 examples (31/65 correct)
    Agent 6: 70/100 examples (33/70 correct)
    Agent 6: 75/100 examples (37/75 correct)
    Agent 6: 80/100 examples (39/80 correct)
    Agent 6: 85/100 examples (44/85 correct)
    Agent 6: 90/100 examples (46/90 correct)
    Agent 6: 95/100 examples (48/95 correct)
    Agent 6: 100/100 examples (51/100 correct)
  ✗ Merge rejected: 2+1 → 6 (val=51% < 55%)
    Agent 7: 5/100 examples (2/5 correct)
    Agent 7: 10/100 examples (6/10 correct)
    Agent 7: 15/100 examples (8/15 correct)
    Agent 7: 20/100 examples (10/20 correct)
    Agent 7: 25/100 examples (12/25 correct)
    Agent 7: 30/100 examples (14/30 correct)
    Agent 7: 35/100 examples (17/35 correct)
    Agent 7: 40/100 examples (19/40 correct)
    Agent 7: 45/100 examples (22/45 correct)
    Agent 7: 50/100 examples (25/50 correct)
    Agent 7: 55/100 examples (26/55 correct)
    Agent 7: 60/100 examples (29/60 correct)
    Agent 7: 65/100 examples (31/65 correct)
    Agent 7: 70/100 examples (33/70 correct)
    Agent 7: 75/100 examples (37/75 correct)
    Agent 7: 80/100 examples (39/80 correct)
    Agent 7: 85/100 examples (44/85 correct)
    Agent 7: 90/100 examples (45/90 correct)
    Agent 7: 95/100 examples (48/95 correct)
    Agent 7: 100/100 examples (50/100 correct)
  ✗ Merge rejected: 0+2 → 7 (val=50% < 52%)

============================================================
Generation 1/5
============================================================
    Agent 2: 5/20 examples (1/5 correct)
    Agent 2: 10/20 examples (2/10 correct)
    Agent 2: 15/20 examples (5/15 correct)
    Agent 2: 20/20 examples (7/20 correct)
    Agent 2: 5/20 examples (2/5 correct)
    Agent 2: 10/20 examples (6/10 correct)
    Agent 2: 15/20 examples (9/15 correct)
    Agent 2: 20/20 examples (11/20 correct)
  Agent 2 (gen0): dev=35% val=55% wins=6
    Agent 1: 5/20 examples (4/5 correct)
    Agent 1: 10/20 examples (7/10 correct)
    Agent 1: 15/20 examples (9/15 correct)
    Agent 1: 20/20 examples (12/20 correct)
    Agent 1: 5/20 examples (1/5 correct)
    Agent 1: 10/20 examples (2/10 correct)
    Agent 1: 15/20 examples (5/15 correct)
    Agent 1: 20/20 examples (8/20 correct)
  Agent 1 (gen0): dev=60% val=40% wins=0
    Agent 4: 5/20 examples (2/5 correct)
    Agent 4: 10/20 examples (5/10 correct)
    Agent 4: 15/20 examples (7/15 correct)
    Agent 4: 20/20 examples (9/20 correct)
    Agent 4: 5/20 examples (3/5 correct)
    Agent 4: 10/20 examples (4/10 correct)
    Agent 4: 15/20 examples (6/15 correct)
    Agent 4: 20/20 examples (8/20 correct)
  Agent 4 (gen0): dev=45% val=40% wins=1
    Agent 5: 5/20 examples (1/5 correct)
